INFO: [SIM 2] *************** CSIM start ***************
INFO: [SIM 4] CSIM will launch GCC as the compiler.
   Compiling(apcc) ../../../../fir_test.c in debug mode
INFO: [HLS 200-10] Running 'c:/Xilinx/Vivado_HLS/2017.2/bin/unwrapped/win64.o/apcc.exe'
INFO: [HLS 200-10] For user 'alexp' on host 'xsjalexp32' (Windows NT_amd64 version 6.1) on Wed Nov 15 20:02:22 -0500 2017
INFO: [HLS 200-10] In directory 'C:/Data/info_HLS/doc_2017.2/ug871-design-files/ug871-design-files/Introduction/lab1/fir_prj/solution1/csim/build'
INFO: [APCC 202-3] Tmp directory is apcc_db
INFO: [APCC 202-1] APCC is done.
   Compiling(apcc) ../../../../fir.c in debug mode
INFO: [HLS 200-10] Running 'c:/Xilinx/Vivado_HLS/2017.2/bin/unwrapped/win64.o/apcc.exe'
INFO: [HLS 200-10] For user 'alexp' on host 'xsjalexp32' (Windows NT_amd64 version 6.1) on Wed Nov 15 20:02:26 -0500 2017
INFO: [HLS 200-10] In directory 'C:/Data/info_HLS/doc_2017.2/ug871-design-files/ug871-design-files/Introduction/lab1/fir_prj/solution1/csim/build'
INFO: [APCC 202-3] Tmp directory is apcc_db
INFO: [APCC 202-1] APCC is done.
   Generating csim.exe
Comparing against output data 
*******************************************
PASS: The output matches the golden output!
*******************************************
INFO: [SIM 1] CSim done with 0 errors.
INFO: [SIM 3] *************** CSIM finish ***************
